C51 COMPILER V7.06   MAIN                                                                  01/27/2008 23:29:23 PAGE 1   


C51 COMPILER V7.06, COMPILATION OF MODULE MAIN
OBJECT MODULE PLACED IN main.OBJ
COMPILER INVOKED BY: d:\Keil\C51\BIN\C51.EXE main.c DEBUG OBJECTEXTEND

stmt level    source

   1          //ICC-AVR application builder : 2006-11-4 10:04:08
   2          // Target : M16
   3          // Crystal: 7.3728Mhz
   4          
   5          #include <REG52.h>
   6          #include <stdlib.h>
   7          
   8          #include "12864.h"
   9          
  10          void main(void)
  11          {
  12   1      
  13   1       
  14   1      
  15   1        OutI(0,0x3e);
  16   1        OutI(0,0xb8);
  17   1        OutI(0,0x40);
  18   1        
  19   1        OutI(0,0xC0);
  20   1        OutI(0,0x3f); //Æô¶¯LCD
  21   1        ClearDisplay();
  22   1        ClearDisplay();
  23   1        DisplayLine(0,0x04,0,1);
  24   1        DisplayLine(128,0x04,4,1);
  25   1        DisplayLine(256,0x04,1,1);
  26   1        DisplayLine(384,0x04,5,1);
  27   1        DisplayLine(512,0x03,2,1);
  28   1        DisplayLine(608,0x04,3,1);
  29   1        DisplayLine(736,0x03,7,1);
  30   1       
  31   1       //insert your functional code here...
  32   1      }
  33          


MODULE INFORMATION:   STATIC OVERLAYABLE
   CODE SIZE        =    559    ----
   CONSTANT SIZE    =   1664    ----
   XDATA SIZE       =   ----    ----
   PDATA SIZE       =   ----    ----
   DATA SIZE        =   ----      24
   IDATA SIZE       =   ----    ----
   BIT SIZE         =   ----    ----
END OF MODULE INFORMATION.


C51 COMPILATION COMPLETE.  0 WARNING(S),  0 ERROR(S)
