C51 COMPILER V7.50   MAIN                                                                  12/03/2006 08:53:42 PAGE 1   


C51 COMPILER V7.50, COMPILATION OF MODULE MAIN
OBJECT MODULE PLACED IN main.OBJ
COMPILER INVOKED BY: C:\Keil\C51\BIN\C51.EXE main.c BROWSE DEBUG OBJECTEXTEND

line level    source

   1          #include"reg51.h"
   2          #include"51usb.h"                  //51USB实验板的头文件
   3          
   4          #define  uchar unsigned char
   5          #define  uint  unsigned int
   6          
   7          void delay(uint ticks);// 延时程序的声明
   8          void inittimer();
   9          /*
  10          请进入Debug模式，软件调试
  11          查看states和sec
  12          这两个参数会每隔5000us运行到断点一次
  13          */
  14          void ISR_Timer0(void) interrupt 3 using 1
  15          {
  16   1       TL1=0x1c;
  17   1       TH1=0x63;
  18   1      
  19   1      }
  20           
  21          
  22          void main()
  23          {
  24   1       inittimer();
  25   1       while(1);
  26   1      }
  27          
  28          void inittimer()
  29          {
  30   1       TL1=0x1c;
  31   1       TH1=0x63;
  32   1       TMOD=0x00;             //定时器1模式1
  33   1       TR1=1;                 //启动定时器1
  34   1       ET1=1;                 //开定时器1中断
  35   1       EA=1;                  //开全局中断
  36   1      }


MODULE INFORMATION:   STATIC OVERLAYABLE
   CODE SIZE        =     28    ----
   CONSTANT SIZE    =   ----    ----
   XDATA SIZE       =   ----    ----
   PDATA SIZE       =   ----    ----
   DATA SIZE        =   ----    ----
   IDATA SIZE       =   ----    ----
   BIT SIZE         =   ----    ----
END OF MODULE INFORMATION.


C51 COMPILATION COMPLETE.  0 WARNING(S),  0 ERROR(S)
