C51 COMPILER V7.06   EPPHAL                                                                02/01/2008 12:33:50 PAGE 1   


C51 COMPILER V7.06, COMPILATION OF MODULE EPPHAL
OBJECT MODULE PLACED IN Epphal.OBJ
COMPILER INVOKED BY: d:\Keil\C51\BIN\C51.EXE Epphal.c BROWSE DEBUG OBJECTEXTEND

stmt level    source

   1          //#include <stdio.h>
   2          
   3          
   4          #include <reg51.h>                /* special function register declarations   */
   5          #include "epphal.h"
   6          #include "d12ci.h"
   7          #include "mainloop.h"
   8          
   9          extern EPPFLAGS bEPPflags;


MODULE INFORMATION:   STATIC OVERLAYABLE
   CODE SIZE        =   ----    ----
   CONSTANT SIZE    =   ----    ----
   XDATA SIZE       =   ----    ----
   PDATA SIZE       =   ----    ----
   DATA SIZE        =   ----    ----
   IDATA SIZE       =   ----    ----
   BIT SIZE         =   ----    ----
END OF MODULE INFORMATION.


C51 COMPILATION COMPLETE.  0 WARNING(S),  0 ERROR(S)
