FILE: <library>
__start:
__text_start:
    002C E5CF      LDI	R28,0x5F
    002D E0D4      LDI	R29,4
    002E BFCD      OUT	0x3D,R28
    002F BFDE      OUT	0x3E,R29
    0030 51C0      SUBI	R28,0x10
    0031 40D0      SBCI	R29,0
    0032 EA0A      LDI	R16,0xAA
    0033 8308      STD	Y+0,R16
    0034 2400      CLR	R0
    0035 E6E4      LDI	R30,0x64
    0036 E0F0      LDI	R31,0
    0037 E010      LDI	R17,0
    0038 36E4      CPI	R30,0x64
    0039 07F1      CPC	R31,R17
    003A F011      BEQ	0x003D
    003B 9201      ST	R0,Z+
    003C CFFB      RJMP	0x0038
    003D 8300      STD	Z+0,R16
    003E E5E4      LDI	R30,0x54
    003F E0F0      LDI	R31,0
    0040 E6A0      LDI	R26,0x60
    0041 E0B0      LDI	R27,0
    0042 E010      LDI	R17,0
    0043 35E8      CPI	R30,0x58
    0044 07F1      CPC	R31,R17
    0045 F021      BEQ	0x004A
    0046 95C8      LPM
    0047 9631      ADIW	R30,1
    0048 920D      ST	R0,X+
    0049 CFF9      RJMP	0x0043
    004A 940E0085  CALL	_main
_exit:
    004C CFFF      RJMP	_exit
_port_init:
    004D 2422      CLR	R2
    004E BA2B      OUT	0x1B,R2
    004F EF8F      LDI	R24,0xFF
    0050 BB8A      OUT	0x1A,R24
    0051 BA28      OUT	0x18,R2
    0052 BA27      OUT	0x17,R2
    0053 BA25      OUT	0x15,R2
    0054 BA24      OUT	0x14,R2
    0055 BA22      OUT	0x12,R2
    0056 BA21      OUT	0x11,R2
    0057 9508      RET
_timer0_init:
    0058 2422      CLR	R2
    0059 BE23      OUT	0x33,R2
    005A E38D      LDI	R24,0x3D
    005B BF82      OUT	0x32,R24
    005C EC83      LDI	R24,0xC3
    005D BF8C      OUT	0x3C,R24
    005E E085      LDI	R24,5
    005F BF83      OUT	0x33,R24
    0060 9508      RET
_timer0_ovf_isr:
    0061 922A      ST	R2,-Y
    0062 938A      ST	R24,-Y
    0063 B62F      IN	R2,0x3F
    0064 922A      ST	R2,-Y
    0065 E38D      LDI	R24,0x3D
    0066 BF82      OUT	0x32,R24
    0067 90200063  LDS	R2,key
    0069 2022      TST	R2
    006A F431      BNE	0x0071
    006B E081      LDI	R24,1
    006C 93800063  STS	key,R24
    006E 9AD8      SBI	0x1B,0
    006F 9ADB      SBI	0x1B,3
    0070 C005      RJMP	0x0076
    0071 2422      CLR	R2
    0072 92200063  STS	key,R2
    0074 98D8      CBI	0x1B,0
    0075 98DB      CBI	0x1B,3
    0076 9029      LD	R2,Y+
    0077 BE2F      OUT	0x3F,R2
    0078 9189      LD	R24,Y+
    0079 9029      LD	R2,Y+
    007A 9518      RETI
_init_devices:
    007B 94F8      BCLR	7
    007C DFD0      RCALL	_port_init
    007D DFDA      RCALL	_timer0_init
    007E 2422      CLR	R2
    007F BE25      OUT	0x35,R2
    0080 BE2B      OUT	0x3B,R2
    0081 E081      LDI	R24,1
    0082 BF89      OUT	0x39,R24
    0083 9478      BSET	7
    0084 9508      RET
_main:
    0085 DFF5      RCALL	_init_devices
    0086 98D9      CBI	0x1B,1
    0087 98C4      CBI	0x18,4
    0088 9508      RET
