C51 COMPILER V7.50   MAIN                                                                  12/13/2006 05:55:05 PAGE 1   


C51 COMPILER V7.50, COMPILATION OF MODULE MAIN
OBJECT MODULE PLACED IN main.OBJ
COMPILER INVOKED BY: C:\Keil\C51\BIN\C51.EXE main.c BROWSE DEBUG OBJECTEXTEND

line level    source

   1          #include"reg52.h"
   2          #include"51usb.h"                  //51USB实验板的头文件
   3          #include"stdio.h"
   4          
   5          
   6          #define  uchar unsigned char
   7          #define  uint  unsigned int
   8          
   9          
  10          void initsys();
  11          void delay(uint ticks);
  12          
  13          void main()
  14          {
  15   1       initsys();
  16   1       printf("\n---------AT89S52 Will Transit Data To PC With RS232---------\n");
  17   1       printf("\n------------------------WWW.LGMCU.COM-----------------------\n");
  18   1       while(1)
  19   1       {
  20   2              delay(5000);
  21   2              printf("\nWellcom to www.lgmcu.com\n");
  22   2       }
  23   1      
  24   1      
  25   1      }
  26          
  27          void initsys()
  28          {
  29   1       //(RCAP2L,RCAP2H)===>(TL2,TH2)
  30   1       //波特率
  31   1       TL2=0xD9;
  32   1       TH2=0xFF;
  33   1       RCAP2L=0xD9;
  34   1       RCAP2H=0xFF;
  35   1      
  36   1       SCON=0x50; //串口模式
  37   1       TI=1;
  38   1       TCLK=1;        //发送时钟来自Timer2
  39   1       RCLK=1;        //接收时钟来自Timer2
  40   1       TR2=1; //Star Timer2
  41   1       
  42   1      
  43   1      }
  44          
  45          void delay(uint ticks)
  46          {
  47   1       uchar i;
  48   1       for(;ticks!=0;ticks--)for(i=50;i!=0;i--);
  49   1      }
  50          
  51          


MODULE INFORMATION:   STATIC OVERLAYABLE
   CODE SIZE        =     79    ----
C51 COMPILER V7.50   MAIN                                                                  12/13/2006 05:55:05 PAGE 2   

   CONSTANT SIZE    =    153    ----
   XDATA SIZE       =   ----    ----
   PDATA SIZE       =   ----    ----
   DATA SIZE        =   ----    ----
   IDATA SIZE       =   ----    ----
   BIT SIZE         =   ----    ----
END OF MODULE INFORMATION.


C51 COMPILATION COMPLETE.  0 WARNING(S),  0 ERROR(S)
