C51 COMPILER V7.50   MAIN                                                                  12/03/2006 09:28:24 PAGE 1   


C51 COMPILER V7.50, COMPILATION OF MODULE MAIN
OBJECT MODULE PLACED IN main.OBJ
COMPILER INVOKED BY: C:\Keil\C51\BIN\C51.EXE main.c BROWSE DEBUG OBJECTEXTEND

line level    source

   1          #include"reg51.h"
   2          #include"absacc.h"
   3          
   4          //波特率：4.8K
   5          /*
   6          请打开串口调试工具，选择波特率4800
   7          */
   8          void init();
   9          
  10          void main()
  11          {
  12   1       init();
  13   1       SBUF='A';
  14   1       while(!TI)TI=0;
  15   1       while(1);
  16   1      }
  17          
  18          
  19          void init()
  20          {
  21   1       TMOD=0x20;      //Timer1 模式2
  22   1       TH1=0xF3;       //
  23   1       TL1=0xF3;       //
  24   1       TR1=1;          //启动Timer1
  25   1       PCON|=0x80; //波特率加倍
  26   1       SCON=0x50;      //设置串口
  27   1       EA=0;
  28   1      }
  29          
  30          


MODULE INFORMATION:   STATIC OVERLAYABLE
   CODE SIZE        =     35    ----
   CONSTANT SIZE    =   ----    ----
   XDATA SIZE       =   ----    ----
   PDATA SIZE       =   ----    ----
   DATA SIZE        =   ----    ----
   IDATA SIZE       =   ----    ----
   BIT SIZE         =   ----    ----
END OF MODULE INFORMATION.


C51 COMPILATION COMPLETE.  0 WARNING(S),  0 ERROR(S)
